<?xml version="1.0" encoding="UTF-8"?>
<!-- Generated by org.testng.reporters.JUnitReportReporter -->
<testsuite skipped="0" hostname="EPBYGOMW0114" name="com.epam.mentoring.globoforce.calculator.test.DivDoubleTest" tests="5" failures="0" timestamp="23 Apr 2018 14:02:31 GMT" time="0.001" errors="1">
  <testcase name="divLongTest" time="0.001" classname="com.epam.mentoring.globoforce.calculator.test.DivDoubleTest"/>
  <testcase name="divDoubleTestException" time="0.000" classname="com.epam.mentoring.globoforce.calculator.test.DivDoubleTest">
    <error type="org.testng.TestException" message="
Method DivDoubleTest.divDoubleTestException(double, double)[pri:0, instance:com.epam.mentoring.globoforce.calculator.test.DivDoubleTest@24273305] should have thrown an exception of type class java.lang.ArithmeticException">
      <![CDATA[org.testng.TestException: 
Method DivDoubleTest.divDoubleTestException(double, double)[pri:0, instance:com.epam.mentoring.globoforce.calculator.test.DivDoubleTest@24273305] should have thrown an exception of type class java.lang.ArithmeticException
	at org.testng.internal.ExpectedExceptionsHolder.noException(ExpectedExceptionsHolder.java:89)
	at org.testng.internal.Invoker.handleInvocationResults(Invoker.java:1416)
	at org.testng.internal.Invoker.invokeMethod(Invoker.java:695)
	at org.testng.internal.Invoker.invokeTestMethod(Invoker.java:869)
	at org.testng.internal.Invoker.invokeTestMethods(Invoker.java:1193)
	at org.testng.internal.TestMethodWorker.invokeTestMethods(TestMethodWorker.java:126)
	at org.testng.internal.TestMethodWorker.run(TestMethodWorker.java:109)
	at java.util.concurrent.ThreadPoolExecutor.runWorker(ThreadPoolExecutor.java:1142)
	at java.util.concurrent.ThreadPoolExecutor$Worker.run(ThreadPoolExecutor.java:617)
	at java.lang.Thread.run(Thread.java:745)
]]>
    </error>
  </testcase> <!-- divDoubleTestException -->
  <testcase name="divLongTest" time="0.000" classname="com.epam.mentoring.globoforce.calculator.test.DivDoubleTest"/>
  <testcase name="divLongTest" time="0.000" classname="com.epam.mentoring.globoforce.calculator.test.DivDoubleTest"/>
  <testcase name="divLongTest" time="0.000" classname="com.epam.mentoring.globoforce.calculator.test.DivDoubleTest"/>
</testsuite> <!-- com.epam.mentoring.globoforce.calculator.test.DivDoubleTest -->
