<?xml version="1.0" encoding="UTF-8"?>
<!-- Generated by org.testng.reporters.JUnitReportReporter -->
<testsuite skipped="0" hostname="EPBYGOMW0114" name="com.epam.mentoring.globoforce.calculator.test.SubDoubleTest" tests="6" failures="0" timestamp="22 Apr 2018 19:56:54 GMT" time="0.000" errors="0">
  <testcase name="subDoubleTest" time="0.000" classname="com.epam.mentoring.globoforce.calculator.test.SubDoubleTest"/>
  <testcase name="subDoubleTest" time="0.000" classname="com.epam.mentoring.globoforce.calculator.test.SubDoubleTest"/>
  <testcase name="subDoubleTest" time="0.000" classname="com.epam.mentoring.globoforce.calculator.test.SubDoubleTest"/>
  <testcase name="subDoubleTest" time="0.000" classname="com.epam.mentoring.globoforce.calculator.test.SubDoubleTest"/>
  <testcase name="subDoubleTestExtended" time="0.000" classname="com.epam.mentoring.globoforce.calculator.test.SubDoubleTest"/>
  <testcase name="subDoubleTestExtended" time="0.000" classname="com.epam.mentoring.globoforce.calculator.test.SubDoubleTest"/>
</testsuite> <!-- com.epam.mentoring.globoforce.calculator.test.SubDoubleTest -->
