<?xml version="1.0" encoding="UTF-8"?>
<!-- Generated by org.testng.reporters.JUnitReportReporter -->
<testsuite skipped="0" hostname="EPBYGOMW0114" name="com.epam.mentoring.globoforce.calculator.test.SumDoubleTest" tests="4" failures="0" timestamp="23 Apr 2018 14:02:31 GMT" time="0.007" errors="0">
  <testcase name="sumPositiveDoubleWithBigNumber" time="0.001" classname="com.epam.mentoring.globoforce.calculator.test.SumDoubleTest"/>
  <testcase name="sumNegativeDouble" time="0.002" classname="com.epam.mentoring.globoforce.calculator.test.SumDoubleTest"/>
  <testcase name="sumPositiveDouble" time="0.003" classname="com.epam.mentoring.globoforce.calculator.test.SumDoubleTest"/>
  <testcase name="sumPositiveDoubleWithInt" time="0.001" classname="com.epam.mentoring.globoforce.calculator.test.SumDoubleTest"/>
</testsuite> <!-- com.epam.mentoring.globoforce.calculator.test.SumDoubleTest -->
