<?xml version="1.0" encoding="UTF-8"?>
<!-- Generated by org.testng.reporters.JUnitReportReporter -->
<testsuite skipped="0" hostname="EPBYGOMW0114" name="com.epam.mentoring.globoforce.calculator.test.MultDoubleTest" tests="6" failures="0" timestamp="23 Apr 2018 14:02:31 GMT" time="0.002" errors="0">
  <testcase name="multDoubleTestExtended" time="0.000" classname="com.epam.mentoring.globoforce.calculator.test.MultDoubleTest"/>
  <testcase name="multDoubleTest" time="0.000" classname="com.epam.mentoring.globoforce.calculator.test.MultDoubleTest"/>
  <testcase name="multDoubleTest" time="0.001" classname="com.epam.mentoring.globoforce.calculator.test.MultDoubleTest"/>
  <testcase name="multDoubleTest" time="0.000" classname="com.epam.mentoring.globoforce.calculator.test.MultDoubleTest"/>
  <testcase name="multDoubleTest" time="0.000" classname="com.epam.mentoring.globoforce.calculator.test.MultDoubleTest"/>
  <testcase name="multDoubleTestExtended" time="0.001" classname="com.epam.mentoring.globoforce.calculator.test.MultDoubleTest"/>
</testsuite> <!-- com.epam.mentoring.globoforce.calculator.test.MultDoubleTest -->
